[1.352s] Invoking command in '/home/adamgronewold/ros2_ws/src/cornbot': PYTHONPATH=/home/adamgronewold/ros2_ws/src/cornbot/build/cornbot/prefix_override:/home/adamgronewold/ros2_ws/src/cornbot/install/cornbot/lib/python3.8/site-packages:${PYTHONPATH} /usr/bin/python3 -W ignore:setup.py install is deprecated setup.py egg_info --egg-base build/cornbot build --build-base /home/adamgronewold/ros2_ws/src/cornbot/build/cornbot/build install --record /home/adamgronewold/ros2_ws/src/cornbot/build/cornbot/install.log --install-scripts $base/lib/cornbot --single-version-externally-managed install_data
[1.807s] running egg_info
[1.807s] writing build/cornbot/cornbot.egg-info/PKG-INFO
[1.808s] writing dependency_links to build/cornbot/cornbot.egg-info/dependency_links.txt
[1.808s] writing entry points to build/cornbot/cornbot.egg-info/entry_points.txt
[1.808s] writing requirements to build/cornbot/cornbot.egg-info/requires.txt
[1.809s] writing top-level names to build/cornbot/cornbot.egg-info/top_level.txt
[1.878s] reading manifest file 'build/cornbot/cornbot.egg-info/SOURCES.txt'
[1.880s] writing manifest file 'build/cornbot/cornbot.egg-info/SOURCES.txt'
[1.880s] running build
[1.880s] running build_py
[1.881s] running install
[1.883s] running install_lib
[1.886s] running install_data
[1.886s] copying urdf/cornbot.urdf -> /home/adamgronewold/ros2_ws/src/cornbot/install/cornbot/share/cornbot/urdf
[1.887s] running install_egg_info
[1.890s] removing '/home/adamgronewold/ros2_ws/src/cornbot/install/cornbot/lib/python3.8/site-packages/cornbot-0.0.2-py3.8.egg-info' (and everything under it)
[1.891s] Copying build/cornbot/cornbot.egg-info to /home/adamgronewold/ros2_ws/src/cornbot/install/cornbot/lib/python3.8/site-packages/cornbot-0.0.2-py3.8.egg-info
[1.893s] running install_scripts
[1.928s] Installing feeler_node2 script to /home/adamgronewold/ros2_ws/src/cornbot/install/cornbot/lib/cornbot
[1.928s] Installing gnss_node2 script to /home/adamgronewold/ros2_ws/src/cornbot/install/cornbot/lib/cornbot
[1.928s] Installing motor_control_node script to /home/adamgronewold/ros2_ws/src/cornbot/install/cornbot/lib/cornbot
[1.929s] Installing motor_control_node2 script to /home/adamgronewold/ros2_ws/src/cornbot/install/cornbot/lib/cornbot
[1.929s] Installing xbox_teleop_node script to /home/adamgronewold/ros2_ws/src/cornbot/install/cornbot/lib/cornbot
[1.930s] writing list of installed files to '/home/adamgronewold/ros2_ws/src/cornbot/build/cornbot/install.log'
[1.985s] Invoked command in '/home/adamgronewold/ros2_ws/src/cornbot' returned '0': PYTHONPATH=/home/adamgronewold/ros2_ws/src/cornbot/build/cornbot/prefix_override:/home/adamgronewold/ros2_ws/src/cornbot/install/cornbot/lib/python3.8/site-packages:${PYTHONPATH} /usr/bin/python3 -W ignore:setup.py install is deprecated setup.py egg_info --egg-base build/cornbot build --build-base /home/adamgronewold/ros2_ws/src/cornbot/build/cornbot/build install --record /home/adamgronewold/ros2_ws/src/cornbot/build/cornbot/install.log --install-scripts $base/lib/cornbot --single-version-externally-managed install_data
