running egg_info
writing build/cornbot/cornbot.egg-info/PKG-INFO
writing dependency_links to build/cornbot/cornbot.egg-info/dependency_links.txt
writing entry points to build/cornbot/cornbot.egg-info/entry_points.txt
writing requirements to build/cornbot/cornbot.egg-info/requires.txt
writing top-level names to build/cornbot/cornbot.egg-info/top_level.txt
reading manifest file 'build/cornbot/cornbot.egg-info/SOURCES.txt'
writing manifest file 'build/cornbot/cornbot.egg-info/SOURCES.txt'
running build
running build_py
running install
running install_lib
running install_data
copying launch/cornbot_launch.py -> /home/adamgronewold/ros2_ws/src/cornbot/install/cornbot/share/cornbot/launch
running install_egg_info
removing '/home/adamgronewold/ros2_ws/src/cornbot/install/cornbot/lib/python3.8/site-packages/cornbot-0.0.2-py3.8.egg-info' (and everything under it)
Copying build/cornbot/cornbot.egg-info to /home/adamgronewold/ros2_ws/src/cornbot/install/cornbot/lib/python3.8/site-packages/cornbot-0.0.2-py3.8.egg-info
running install_scripts
Installing feeler_node2 script to /home/adamgronewold/ros2_ws/src/cornbot/install/cornbot/lib/cornbot
Installing gnss_node2 script to /home/adamgronewold/ros2_ws/src/cornbot/install/cornbot/lib/cornbot
Installing motor_control_node script to /home/adamgronewold/ros2_ws/src/cornbot/install/cornbot/lib/cornbot
Installing motor_control_node2 script to /home/adamgronewold/ros2_ws/src/cornbot/install/cornbot/lib/cornbot
Installing xbox_teleop_node script to /home/adamgronewold/ros2_ws/src/cornbot/install/cornbot/lib/cornbot
writing list of installed files to '/home/adamgronewold/ros2_ws/src/cornbot/build/cornbot/install.log'
