[1.320s] Invoking command in '/home/adamgronewold/ros2_ws/src/cornbot': PYTHONPATH=/home/adamgronewold/ros2_ws/src/cornbot/build/cornbot/prefix_override:/usr/lib/python3/dist-packages/colcon_core/task/python/colcon_distutils_commands:/home/adamgronewold/ros2_ws/src/cornbot/install/cornbot/lib/python3.10/site-packages:${PYTHONPATH} /usr/bin/python3 -W ignore:setup.py install is deprecated setup.py egg_info --egg-base build/cornbot build --build-base /home/adamgronewold/ros2_ws/src/cornbot/build/cornbot/build install --record /home/adamgronewold/ros2_ws/src/cornbot/build/cornbot/install.log --single-version-externally-managed install_data
[1.840s] running egg_info
[1.841s] creating build/cornbot/cornbot.egg-info
[1.842s] writing build/cornbot/cornbot.egg-info/PKG-INFO
[1.842s] writing dependency_links to build/cornbot/cornbot.egg-info/dependency_links.txt
[1.843s] writing entry points to build/cornbot/cornbot.egg-info/entry_points.txt
[1.843s] writing requirements to build/cornbot/cornbot.egg-info/requires.txt
[1.843s] writing top-level names to build/cornbot/cornbot.egg-info/top_level.txt
[1.844s] writing manifest file 'build/cornbot/cornbot.egg-info/SOURCES.txt'
[1.847s] reading manifest file 'build/cornbot/cornbot.egg-info/SOURCES.txt'
[1.848s] writing manifest file 'build/cornbot/cornbot.egg-info/SOURCES.txt'
[1.848s] running build
[1.849s] running build_py
[1.849s] creating /home/adamgronewold/ros2_ws/src/cornbot/build/cornbot/build
[1.849s] creating /home/adamgronewold/ros2_ws/src/cornbot/build/cornbot/build/lib
[1.849s] creating /home/adamgronewold/ros2_ws/src/cornbot/build/cornbot/build/lib/cornbot
[1.849s] copying cornbot/motor_control_function.py -> /home/adamgronewold/ros2_ws/src/cornbot/build/cornbot/build/lib/cornbot
[1.850s] copying cornbot/xbox_teleop.py -> /home/adamgronewold/ros2_ws/src/cornbot/build/cornbot/build/lib/cornbot
[1.850s] copying cornbot/feeler_contact_state_id.py -> /home/adamgronewold/ros2_ws/src/cornbot/build/cornbot/build/lib/cornbot
[1.857s] copying cornbot/joint_state_publisher.py -> /home/adamgronewold/ros2_ws/src/cornbot/build/cornbot/build/lib/cornbot
[1.858s] copying cornbot/__init__.py -> /home/adamgronewold/ros2_ws/src/cornbot/build/cornbot/build/lib/cornbot
[1.858s] copying cornbot/feeler_function_2024.py -> /home/adamgronewold/ros2_ws/src/cornbot/build/cornbot/build/lib/cornbot
[1.859s] copying cornbot/motor_control_function_2024.py -> /home/adamgronewold/ros2_ws/src/cornbot/build/cornbot/build/lib/cornbot
[1.859s] copying cornbot/odom_tf_broadcaster2.py -> /home/adamgronewold/ros2_ws/src/cornbot/build/cornbot/build/lib/cornbot
[1.859s] copying cornbot/navigation_node.py -> /home/adamgronewold/ros2_ws/src/cornbot/build/cornbot/build/lib/cornbot
[1.860s] copying cornbot/feeler_localization.py -> /home/adamgronewold/ros2_ws/src/cornbot/build/cornbot/build/lib/cornbot
[1.860s] copying cornbot/set_waypoint.py -> /home/adamgronewold/ros2_ws/src/cornbot/build/cornbot/build/lib/cornbot
[1.860s] copying cornbot/gps_gnss_function_2024.py -> /home/adamgronewold/ros2_ws/src/cornbot/build/cornbot/build/lib/cornbot
[1.861s] running install
[1.862s] running install_lib
[1.863s] creating /home/adamgronewold/ros2_ws/src/cornbot/install/cornbot/lib/python3.10/site-packages/cornbot
[1.863s] copying /home/adamgronewold/ros2_ws/src/cornbot/build/cornbot/build/lib/cornbot/motor_control_function.py -> /home/adamgronewold/ros2_ws/src/cornbot/install/cornbot/lib/python3.10/site-packages/cornbot
[1.863s] copying /home/adamgronewold/ros2_ws/src/cornbot/build/cornbot/build/lib/cornbot/xbox_teleop.py -> /home/adamgronewold/ros2_ws/src/cornbot/install/cornbot/lib/python3.10/site-packages/cornbot
[1.864s] copying /home/adamgronewold/ros2_ws/src/cornbot/build/cornbot/build/lib/cornbot/feeler_contact_state_id.py -> /home/adamgronewold/ros2_ws/src/cornbot/install/cornbot/lib/python3.10/site-packages/cornbot
[1.864s] copying /home/adamgronewold/ros2_ws/src/cornbot/build/cornbot/build/lib/cornbot/joint_state_publisher.py -> /home/adamgronewold/ros2_ws/src/cornbot/install/cornbot/lib/python3.10/site-packages/cornbot
[1.864s] copying /home/adamgronewold/ros2_ws/src/cornbot/build/cornbot/build/lib/cornbot/__init__.py -> /home/adamgronewold/ros2_ws/src/cornbot/install/cornbot/lib/python3.10/site-packages/cornbot
[1.864s] copying /home/adamgronewold/ros2_ws/src/cornbot/build/cornbot/build/lib/cornbot/feeler_function_2024.py -> /home/adamgronewold/ros2_ws/src/cornbot/install/cornbot/lib/python3.10/site-packages/cornbot
[1.865s] copying /home/adamgronewold/ros2_ws/src/cornbot/build/cornbot/build/lib/cornbot/motor_control_function_2024.py -> /home/adamgronewold/ros2_ws/src/cornbot/install/cornbot/lib/python3.10/site-packages/cornbot
[1.865s] copying /home/adamgronewold/ros2_ws/src/cornbot/build/cornbot/build/lib/cornbot/odom_tf_broadcaster2.py -> /home/adamgronewold/ros2_ws/src/cornbot/install/cornbot/lib/python3.10/site-packages/cornbot
[1.865s] copying /home/adamgronewold/ros2_ws/src/cornbot/build/cornbot/build/lib/cornbot/navigation_node.py -> /home/adamgronewold/ros2_ws/src/cornbot/install/cornbot/lib/python3.10/site-packages/cornbot
[1.865s] copying /home/adamgronewold/ros2_ws/src/cornbot/build/cornbot/build/lib/cornbot/feeler_localization.py -> /home/adamgronewold/ros2_ws/src/cornbot/install/cornbot/lib/python3.10/site-packages/cornbot
[1.866s] copying /home/adamgronewold/ros2_ws/src/cornbot/build/cornbot/build/lib/cornbot/set_waypoint.py -> /home/adamgronewold/ros2_ws/src/cornbot/install/cornbot/lib/python3.10/site-packages/cornbot
[1.866s] copying /home/adamgronewold/ros2_ws/src/cornbot/build/cornbot/build/lib/cornbot/gps_gnss_function_2024.py -> /home/adamgronewold/ros2_ws/src/cornbot/install/cornbot/lib/python3.10/site-packages/cornbot
[1.867s] byte-compiling /home/adamgronewold/ros2_ws/src/cornbot/install/cornbot/lib/python3.10/site-packages/cornbot/motor_control_function.py to motor_control_function.cpython-310.pyc
[1.869s] byte-compiling /home/adamgronewold/ros2_ws/src/cornbot/install/cornbot/lib/python3.10/site-packages/cornbot/xbox_teleop.py to xbox_teleop.cpython-310.pyc
[1.872s] byte-compiling /home/adamgronewold/ros2_ws/src/cornbot/install/cornbot/lib/python3.10/site-packages/cornbot/feeler_contact_state_id.py to feeler_contact_state_id.cpython-310.pyc
[1.874s] byte-compiling /home/adamgronewold/ros2_ws/src/cornbot/install/cornbot/lib/python3.10/site-packages/cornbot/joint_state_publisher.py to joint_state_publisher.cpython-310.pyc
[1.875s] byte-compiling /home/adamgronewold/ros2_ws/src/cornbot/install/cornbot/lib/python3.10/site-packages/cornbot/__init__.py to __init__.cpython-310.pyc
[1.875s] byte-compiling /home/adamgronewold/ros2_ws/src/cornbot/install/cornbot/lib/python3.10/site-packages/cornbot/feeler_function_2024.py to feeler_function_2024.cpython-310.pyc
[1.877s] byte-compiling /home/adamgronewold/ros2_ws/src/cornbot/install/cornbot/lib/python3.10/site-packages/cornbot/motor_control_function_2024.py to motor_control_function_2024.cpython-310.pyc
[1.878s] byte-compiling /home/adamgronewold/ros2_ws/src/cornbot/install/cornbot/lib/python3.10/site-packages/cornbot/odom_tf_broadcaster2.py to odom_tf_broadcaster2.cpython-310.pyc
[1.880s] byte-compiling /home/adamgronewold/ros2_ws/src/cornbot/install/cornbot/lib/python3.10/site-packages/cornbot/navigation_node.py to navigation_node.cpython-310.pyc
[1.891s] byte-compiling /home/adamgronewold/ros2_ws/src/cornbot/install/cornbot/lib/python3.10/site-packages/cornbot/feeler_localization.py to feeler_localization.cpython-310.pyc
[1.896s] byte-compiling /home/adamgronewold/ros2_ws/src/cornbot/install/cornbot/lib/python3.10/site-packages/cornbot/set_waypoint.py to set_waypoint.cpython-310.pyc
[1.897s] byte-compiling /home/adamgronewold/ros2_ws/src/cornbot/install/cornbot/lib/python3.10/site-packages/cornbot/gps_gnss_function_2024.py to gps_gnss_function_2024.cpython-310.pyc
[1.901s] running install_data
[1.902s] creating /home/adamgronewold/ros2_ws/src/cornbot/install/cornbot/share/ament_index
[1.902s] creating /home/adamgronewold/ros2_ws/src/cornbot/install/cornbot/share/ament_index/resource_index
[1.902s] creating /home/adamgronewold/ros2_ws/src/cornbot/install/cornbot/share/ament_index/resource_index/packages
[1.902s] copying resource/cornbot -> /home/adamgronewold/ros2_ws/src/cornbot/install/cornbot/share/ament_index/resource_index/packages
[1.902s] copying package.xml -> /home/adamgronewold/ros2_ws/src/cornbot/install/cornbot/share/cornbot
[1.902s] creating /home/adamgronewold/ros2_ws/src/cornbot/install/cornbot/share/cornbot/launch
[1.903s] copying launch/cornbot_launch.py -> /home/adamgronewold/ros2_ws/src/cornbot/install/cornbot/share/cornbot/launch
[1.903s] copying launch/feeler_launch.py -> /home/adamgronewold/ros2_ws/src/cornbot/install/cornbot/share/cornbot/launch
[1.903s] creating /home/adamgronewold/ros2_ws/src/cornbot/install/cornbot/share/cornbot/urdf
[1.903s] copying urdf/cornbot.urdf -> /home/adamgronewold/ros2_ws/src/cornbot/install/cornbot/share/cornbot/urdf
[1.903s] running install_egg_info
[1.907s] Copying build/cornbot/cornbot.egg-info to /home/adamgronewold/ros2_ws/src/cornbot/install/cornbot/lib/python3.10/site-packages/cornbot-0.0.2-py3.10.egg-info
[1.909s] running install_scripts
[1.948s] Installing feeler_localization script to /home/adamgronewold/ros2_ws/src/cornbot/install/cornbot/lib/cornbot
[1.948s] Installing feeler_node2 script to /home/adamgronewold/ros2_ws/src/cornbot/install/cornbot/lib/cornbot
[1.948s] Installing feeler_state_node script to /home/adamgronewold/ros2_ws/src/cornbot/install/cornbot/lib/cornbot
[1.949s] Installing get_waypoint_node script to /home/adamgronewold/ros2_ws/src/cornbot/install/cornbot/lib/cornbot
[1.949s] Installing gnss_node2 script to /home/adamgronewold/ros2_ws/src/cornbot/install/cornbot/lib/cornbot
[1.949s] Installing joint_state_node script to /home/adamgronewold/ros2_ws/src/cornbot/install/cornbot/lib/cornbot
[1.949s] Installing motor_control_node2 script to /home/adamgronewold/ros2_ws/src/cornbot/install/cornbot/lib/cornbot
[1.949s] Installing navigation_node script to /home/adamgronewold/ros2_ws/src/cornbot/install/cornbot/lib/cornbot
[1.950s] Installing xbox_teleop_node script to /home/adamgronewold/ros2_ws/src/cornbot/install/cornbot/lib/cornbot
[1.950s] writing list of installed files to '/home/adamgronewold/ros2_ws/src/cornbot/build/cornbot/install.log'
[2.022s] Invoked command in '/home/adamgronewold/ros2_ws/src/cornbot' returned '0': PYTHONPATH=/home/adamgronewold/ros2_ws/src/cornbot/build/cornbot/prefix_override:/usr/lib/python3/dist-packages/colcon_core/task/python/colcon_distutils_commands:/home/adamgronewold/ros2_ws/src/cornbot/install/cornbot/lib/python3.10/site-packages:${PYTHONPATH} /usr/bin/python3 -W ignore:setup.py install is deprecated setup.py egg_info --egg-base build/cornbot build --build-base /home/adamgronewold/ros2_ws/src/cornbot/build/cornbot/build install --record /home/adamgronewold/ros2_ws/src/cornbot/build/cornbot/install.log --single-version-externally-managed install_data
