/home/adamgronewold/ros2_ws/src/cornbot/install/cornbot/lib/python3.8/site-packages/cornbot/motor_control_function_2024.py
/home/adamgronewold/ros2_ws/src/cornbot/install/cornbot/lib/python3.8/site-packages/cornbot/motor_control_function.py
/home/adamgronewold/ros2_ws/src/cornbot/install/cornbot/lib/python3.8/site-packages/cornbot/__init__.py
/home/adamgronewold/ros2_ws/src/cornbot/install/cornbot/lib/python3.8/site-packages/cornbot/xbox_teleop.py
/home/adamgronewold/ros2_ws/src/cornbot/install/cornbot/lib/python3.8/site-packages/cornbot/feeler_function_2024.py
/home/adamgronewold/ros2_ws/src/cornbot/install/cornbot/lib/python3.8/site-packages/cornbot/gps_gnss_function_2024.py
/home/adamgronewold/ros2_ws/src/cornbot/install/cornbot/lib/python3.8/site-packages/cornbot/set_waypoint.py
/home/adamgronewold/ros2_ws/src/cornbot/install/cornbot/lib/python3.8/site-packages/cornbot/__pycache__/motor_control_function_2024.cpython-38.pyc
/home/adamgronewold/ros2_ws/src/cornbot/install/cornbot/lib/python3.8/site-packages/cornbot/__pycache__/motor_control_function.cpython-38.pyc
/home/adamgronewold/ros2_ws/src/cornbot/install/cornbot/lib/python3.8/site-packages/cornbot/__pycache__/__init__.cpython-38.pyc
/home/adamgronewold/ros2_ws/src/cornbot/install/cornbot/lib/python3.8/site-packages/cornbot/__pycache__/xbox_teleop.cpython-38.pyc
/home/adamgronewold/ros2_ws/src/cornbot/install/cornbot/lib/python3.8/site-packages/cornbot/__pycache__/feeler_function_2024.cpython-38.pyc
/home/adamgronewold/ros2_ws/src/cornbot/install/cornbot/lib/python3.8/site-packages/cornbot/__pycache__/gps_gnss_function_2024.cpython-38.pyc
/home/adamgronewold/ros2_ws/src/cornbot/install/cornbot/lib/python3.8/site-packages/cornbot/__pycache__/set_waypoint.cpython-38.pyc
/home/adamgronewold/ros2_ws/src/cornbot/install/cornbot/share/ament_index/resource_index/packages/cornbot
/home/adamgronewold/ros2_ws/src/cornbot/install/cornbot/share/cornbot/package.xml
/home/adamgronewold/ros2_ws/src/cornbot/install/cornbot/share/cornbot/launch/cornbot_launch.py
/home/adamgronewold/ros2_ws/src/cornbot/install/cornbot/share/cornbot/urdf/cornbot.urdf
/home/adamgronewold/ros2_ws/src/cornbot/install/cornbot/lib/python3.8/site-packages/cornbot-0.0.2-py3.8.egg-info/dependency_links.txt
/home/adamgronewold/ros2_ws/src/cornbot/install/cornbot/lib/python3.8/site-packages/cornbot-0.0.2-py3.8.egg-info/top_level.txt
/home/adamgronewold/ros2_ws/src/cornbot/install/cornbot/lib/python3.8/site-packages/cornbot-0.0.2-py3.8.egg-info/PKG-INFO
/home/adamgronewold/ros2_ws/src/cornbot/install/cornbot/lib/python3.8/site-packages/cornbot-0.0.2-py3.8.egg-info/entry_points.txt
/home/adamgronewold/ros2_ws/src/cornbot/install/cornbot/lib/python3.8/site-packages/cornbot-0.0.2-py3.8.egg-info/requires.txt
/home/adamgronewold/ros2_ws/src/cornbot/install/cornbot/lib/python3.8/site-packages/cornbot-0.0.2-py3.8.egg-info/zip-safe
/home/adamgronewold/ros2_ws/src/cornbot/install/cornbot/lib/python3.8/site-packages/cornbot-0.0.2-py3.8.egg-info/SOURCES.txt
/home/adamgronewold/ros2_ws/src/cornbot/install/cornbot/lib/cornbot/feeler_node2
/home/adamgronewold/ros2_ws/src/cornbot/install/cornbot/lib/cornbot/gnss_node2
/home/adamgronewold/ros2_ws/src/cornbot/install/cornbot/lib/cornbot/motor_control_node
/home/adamgronewold/ros2_ws/src/cornbot/install/cornbot/lib/cornbot/motor_control_node2
/home/adamgronewold/ros2_ws/src/cornbot/install/cornbot/lib/cornbot/xbox_teleop_node
