[0.547s] DEBUG:colcon:Command line arguments: ['/usr/bin/colcon', 'build', '--packages-select', 'cornbot']
[0.548s] DEBUG:colcon:Parsed command line arguments: Namespace(allow_overriding=[], ament_cmake_args=None, base_paths=['.'], build_base='build', catkin_cmake_args=None, catkin_skip_building_tests=False, cmake_args=None, cmake_clean_cache=False, cmake_clean_first=False, cmake_force_configure=False, cmake_target=None, cmake_target_skip_unavailable=False, continue_on_error=False, event_handlers=None, executor='parallel', ignore_user_meta=False, install_base='install', log_base=None, log_level=None, main=<bound method BuildVerb.main of <colcon_core.verb.build.BuildVerb object at 0xffffa4592190>>, merge_install=False, metas=['./colcon.meta'], packages_above=None, packages_above_and_dependencies=None, packages_above_depth=None, packages_end=None, packages_ignore=None, packages_ignore_regex=None, packages_select=['cornbot'], packages_select_build_failed=False, packages_select_by_dep=None, packages_select_regex=None, packages_select_test_failures=False, packages_skip=None, packages_skip_build_finished=False, packages_skip_by_dep=None, packages_skip_regex=None, packages_skip_test_passed=False, packages_skip_up_to=None, packages_start=None, packages_up_to=None, packages_up_to_regex=None, parallel_workers=6, paths=None, symlink_install=False, test_result_base=None, verb_extension=<colcon_core.verb.build.BuildVerb object at 0xffffa4592190>, verb_name='build', verb_parser=<colcon_defaults.argument_parser.defaults.DefaultArgumentsDecorator object at 0xffffa45926a0>)
[0.879s] Level 1:colcon.colcon_core.package_discovery:discover_packages(colcon_meta) check parameters
[0.880s] Level 1:colcon.colcon_core.package_discovery:discover_packages(recursive) check parameters
[0.880s] Level 1:colcon.colcon_core.package_discovery:discover_packages(ignore) check parameters
[0.880s] Level 1:colcon.colcon_core.package_discovery:discover_packages(path) check parameters
[0.880s] Level 1:colcon.colcon_core.package_discovery:discover_packages(colcon_meta) discover
[0.880s] Level 1:colcon.colcon_core.package_discovery:discover_packages(recursive) discover
[0.880s] INFO:colcon.colcon_core.package_discovery:Crawling recursively for packages in '/home/adamgronewold/ros2_ws/src/cornbot/launch'
[0.880s] Level 1:colcon.colcon_core.package_identification:_identify(.) by extensions ['ignore', 'ignore_ament_install']
[0.880s] Level 1:colcon.colcon_core.package_identification:_identify(.) by extension 'ignore'
[0.881s] Level 1:colcon.colcon_core.package_identification:_identify(.) by extension 'ignore_ament_install'
[0.881s] Level 1:colcon.colcon_core.package_identification:_identify(.) by extensions ['colcon_pkg']
[0.881s] Level 1:colcon.colcon_core.package_identification:_identify(.) by extension 'colcon_pkg'
[0.881s] Level 1:colcon.colcon_core.package_identification:_identify(.) by extensions ['colcon_meta']
[0.881s] Level 1:colcon.colcon_core.package_identification:_identify(.) by extension 'colcon_meta'
[0.881s] Level 1:colcon.colcon_core.package_identification:_identify(.) by extensions ['ros']
[0.881s] Level 1:colcon.colcon_core.package_identification:_identify(.) by extension 'ros'
[0.904s] Level 1:colcon.colcon_core.package_identification:_identify(.) by extensions ['cmake', 'python']
[0.905s] Level 1:colcon.colcon_core.package_identification:_identify(.) by extension 'cmake'
[0.905s] Level 1:colcon.colcon_core.package_identification:_identify(.) by extension 'python'
[0.905s] Level 1:colcon.colcon_core.package_identification:_identify(.) by extensions ['python_setup_py']
[0.905s] Level 1:colcon.colcon_core.package_identification:_identify(.) by extension 'python_setup_py'
[0.905s] Level 1:colcon.colcon_core.package_identification:_identify(__pycache__) by extensions ['ignore', 'ignore_ament_install']
[0.905s] Level 1:colcon.colcon_core.package_identification:_identify(__pycache__) by extension 'ignore'
[0.906s] Level 1:colcon.colcon_core.package_identification:_identify(__pycache__) by extension 'ignore_ament_install'
[0.906s] Level 1:colcon.colcon_core.package_identification:_identify(__pycache__) by extensions ['colcon_pkg']
[0.906s] Level 1:colcon.colcon_core.package_identification:_identify(__pycache__) by extension 'colcon_pkg'
[0.906s] Level 1:colcon.colcon_core.package_identification:_identify(__pycache__) by extensions ['colcon_meta']
[0.906s] Level 1:colcon.colcon_core.package_identification:_identify(__pycache__) by extension 'colcon_meta'
[0.906s] Level 1:colcon.colcon_core.package_identification:_identify(__pycache__) by extensions ['ros']
[0.906s] Level 1:colcon.colcon_core.package_identification:_identify(__pycache__) by extension 'ros'
[0.906s] Level 1:colcon.colcon_core.package_identification:_identify(__pycache__) by extensions ['cmake', 'python']
[0.907s] Level 1:colcon.colcon_core.package_identification:_identify(__pycache__) by extension 'cmake'
[0.907s] Level 1:colcon.colcon_core.package_identification:_identify(__pycache__) by extension 'python'
[0.907s] Level 1:colcon.colcon_core.package_identification:_identify(__pycache__) by extensions ['python_setup_py']
[0.907s] Level 1:colcon.colcon_core.package_identification:_identify(__pycache__) by extension 'python_setup_py'
[0.907s] Level 1:colcon.colcon_core.package_identification:_identify(build) by extensions ['ignore', 'ignore_ament_install']
[0.907s] Level 1:colcon.colcon_core.package_identification:_identify(build) by extension 'ignore'
[0.907s] Level 1:colcon.colcon_core.package_identification:_identify(build) ignored
[0.908s] Level 1:colcon.colcon_core.package_identification:_identify(install) by extensions ['ignore', 'ignore_ament_install']
[0.908s] Level 1:colcon.colcon_core.package_identification:_identify(install) by extension 'ignore'
[0.908s] Level 1:colcon.colcon_core.package_identification:_identify(install) ignored
[0.908s] Level 1:colcon.colcon_core.package_identification:_identify(log) by extensions ['ignore', 'ignore_ament_install']
[0.908s] Level 1:colcon.colcon_core.package_identification:_identify(log) by extension 'ignore'
[0.908s] Level 1:colcon.colcon_core.package_identification:_identify(log) ignored
[0.908s] Level 1:colcon.colcon_core.package_discovery:discover_packages(recursive) using defaults
[0.909s] Level 1:colcon.colcon_core.package_discovery:discover_packages(ignore) discover
[0.909s] Level 1:colcon.colcon_core.package_discovery:discover_packages(ignore) using defaults
[0.909s] Level 1:colcon.colcon_core.package_discovery:discover_packages(path) discover
[0.909s] Level 1:colcon.colcon_core.package_discovery:discover_packages(path) using defaults
[0.909s] WARNING:colcon.colcon_core.package_selection:ignoring unknown package 'cornbot' in --packages-select
[0.941s] Level 1:colcon.colcon_core.package_discovery:discover_packages(prefix_path) check parameters
[0.941s] Level 1:colcon.colcon_core.package_discovery:discover_packages(prefix_path) discover
[0.948s] DEBUG:colcon.colcon_installed_package_information.package_discovery:Found 24 installed packages in /home/adamgronewold/ros2_ws/install
[0.951s] DEBUG:colcon.colcon_installed_package_information.package_discovery:Found 256 installed packages in /opt/ros/foxy
[0.955s] Level 1:colcon.colcon_core.package_discovery:discover_packages(prefix_path) using defaults
[1.105s] INFO:colcon.colcon_core.executor:Executing jobs using 'parallel' executor
[1.108s] DEBUG:colcon.colcon_parallel_executor.executor.parallel:run_until_complete
[1.108s] DEBUG:colcon.colcon_parallel_executor.executor.parallel:closing loop
[1.108s] DEBUG:colcon.colcon_parallel_executor.executor.parallel:loop closed
[1.108s] DEBUG:colcon.colcon_parallel_executor.executor.parallel:run_until_complete finished with '0'
[1.108s] DEBUG:colcon.colcon_core.event_reactor:joining thread
[1.118s] INFO:colcon.colcon_core.plugin_system:Skipping extension 'colcon_notification.desktop_notification.terminal_notifier': Not used on non-Darwin systems
[1.118s] INFO:colcon.colcon_core.plugin_system:Skipping extension 'colcon_notification.desktop_notification.win32': Not used on non-Windows systems
[1.119s] INFO:colcon.colcon_notification.desktop_notification:Sending desktop notification using 'notify2'
[1.158s] DEBUG:colcon.colcon_core.event_reactor:joined thread
[1.163s] INFO:colcon.colcon_core.plugin_system:Skipping extension 'colcon_core.shell.bat': Not used on non-Windows systems
[1.163s] INFO:colcon.colcon_core.shell:Creating prefix script '/home/adamgronewold/ros2_ws/src/cornbot/launch/install/local_setup.ps1'
[1.165s] INFO:colcon.colcon_core.shell:Creating prefix util module '/home/adamgronewold/ros2_ws/src/cornbot/launch/install/_local_setup_util_ps1.py'
[1.167s] INFO:colcon.colcon_core.shell:Creating prefix chain script '/home/adamgronewold/ros2_ws/src/cornbot/launch/install/setup.ps1'
[1.171s] INFO:colcon.colcon_core.shell:Creating prefix script '/home/adamgronewold/ros2_ws/src/cornbot/launch/install/local_setup.sh'
[1.172s] INFO:colcon.colcon_core.shell:Creating prefix util module '/home/adamgronewold/ros2_ws/src/cornbot/launch/install/_local_setup_util_sh.py'
[1.173s] INFO:colcon.colcon_core.shell:Creating prefix chain script '/home/adamgronewold/ros2_ws/src/cornbot/launch/install/setup.sh'
[1.177s] INFO:colcon.colcon_core.shell:Creating prefix script '/home/adamgronewold/ros2_ws/src/cornbot/launch/install/local_setup.bash'
[1.177s] INFO:colcon.colcon_core.shell:Creating prefix chain script '/home/adamgronewold/ros2_ws/src/cornbot/launch/install/setup.bash'
[1.181s] INFO:colcon.colcon_core.shell:Creating prefix script '/home/adamgronewold/ros2_ws/src/cornbot/launch/install/local_setup.zsh'
[1.182s] INFO:colcon.colcon_core.shell:Creating prefix chain script '/home/adamgronewold/ros2_ws/src/cornbot/launch/install/setup.zsh'
